internal/modules/cjs/loader.js:985
  throw err;
  ^

Error: Cannot find module 'node-fetch'
Require stack:
- /home/vscovid19/vs-covid19/node/makedata.js
- /home/vscovid19/vs-covid19/node/autoupdate.js
    at Function.Module._resolveFilename (internal/modules/cjs/loader.js:982:15)
    at Function.Module._load (internal/modules/cjs/loader.js:864:27)
    at Module.require (internal/modules/cjs/loader.js:1044:19)
    at require (internal/modules/cjs/helpers.js:77:18)
    at Object.<anonymous> (/home/vscovid19/vs-covid19/node/makedata.js:2:15)
    at Module._compile (internal/modules/cjs/loader.js:1158:30)
    at Object.Module._extensions..js (internal/modules/cjs/loader.js:1178:10)
    at Module.load (internal/modules/cjs/loader.js:1002:32)
    at Function.Module._load (internal/modules/cjs/loader.js:901:14)
    at Module.require (internal/modules/cjs/loader.js:1044:19) {
  code: 'MODULE_NOT_FOUND',
  requireStack: [
    '/home/vscovid19/vs-covid19/node/makedata.js',
    '/home/vscovid19/vs-covid19/node/autoupdate.js'
  ]
}
